\BOOKMARK [0][-]{chapter.1}{\376\377\0001\000\040\004\020\004\073\004\104\004\060\004\062\004\070\004\102\004\075\004\113\004\071\000\040\004\103\004\072\004\060\004\067\004\060\004\102\004\065\004\073\004\114\000\040\004\072\004\073\004\060\004\101\004\101\004\076\004\062}{}% 1
\BOOKMARK [1][-]{section.1.1}{\376\377\0001\000.\0001\000\040\004\032\004\073\004\060\004\101\004\101\004\113}{chapter.1}% 2
\BOOKMARK [0][-]{chapter.2}{\376\377\0002\000\040\004\041\004\077\004\070\004\101\004\076\004\072\000\040\004\104\004\060\004\071\004\073\004\076\004\062}{}% 3
\BOOKMARK [1][-]{section.2.1}{\376\377\0002\000.\0001\000\040\004\044\004\060\004\071\004\073\004\113}{chapter.2}% 4
\BOOKMARK [0][-]{chapter.3}{\376\377\0003\000\040\004\032\004\073\004\060\004\101\004\101\004\113}{}% 5
\BOOKMARK [1][-]{section.3.1}{\376\377\0003\000.\0001\000\040\004\032\004\073\004\060\004\101\004\101\000\040\000D\000i\000a\000b\000e\000t\000e\000s\000D\000a\000t\000a}{chapter.3}% 6
\BOOKMARK [2][-]{subsection.3.1.1}{\376\377\0003\000.\0001\000.\0001\000\040\004\037\004\076\004\064\004\100\004\076\004\061\004\075\004\076\004\065\000\040\004\076\004\077\004\070\004\101\004\060\004\075\004\070\004\065}{section.3.1}% 7
\BOOKMARK [2][-]{subsection.3.1.2}{\376\377\0003\000.\0001\000.\0002\000\040\004\032\004\076\004\075\004\101\004\102\004\100\004\103\004\072\004\102\004\076\004\100\000\050\004\113\000\051}{section.3.1}% 8
\BOOKMARK [3][-]{subsubsection.3.1.2.1}{\376\377\0003\000.\0001\000.\0002\000.\0001\000\040\000D\000i\000a\000b\000e\000t\000e\000s\000D\000a\000t\000a\000\050\000\051\000\040\000[\0001\000/\0003\000]}{subsection.3.1.2}% 9
\BOOKMARK [3][-]{subsubsection.3.1.2.2}{\376\377\0003\000.\0001\000.\0002\000.\0002\000\040\000D\000i\000a\000b\000e\000t\000e\000s\000D\000a\000t\000a\000\050\000\051\000\040\000[\0002\000/\0003\000]}{subsection.3.1.2}% 10
\BOOKMARK [3][-]{subsubsection.3.1.2.3}{\376\377\0003\000.\0001\000.\0002\000.\0003\000\040\000D\000i\000a\000b\000e\000t\000e\000s\000D\000a\000t\000a\000\050\000\051\000\040\000[\0003\000/\0003\000]}{subsection.3.1.2}% 11
\BOOKMARK [2][-]{subsection.3.1.3}{\376\377\0003\000.\0001\000.\0003\000\040\004\034\004\065\004\102\004\076\004\064\004\113}{section.3.1}% 12
\BOOKMARK [3][-]{subsubsection.3.1.3.1}{\376\377\0003\000.\0001\000.\0003\000.\0001\000\040\000d\000a\000t\000a\000\137\000n\000o\000r\000m\000a\000l\000i\000z\000a\000t\000i\000o\000n\000\050\000\051}{subsection.3.1.3}% 13
\BOOKMARK [3][-]{subsubsection.3.1.3.2}{\376\377\0003\000.\0001\000.\0003\000.\0002\000\040\000g\000e\000t\000\137\000X\000\050\000\051}{subsection.3.1.3}% 14
\BOOKMARK [3][-]{subsubsection.3.1.3.3}{\376\377\0003\000.\0001\000.\0003\000.\0003\000\040\000g\000e\000t\000\137\000y\000\050\000\051}{subsection.3.1.3}% 15
\BOOKMARK [3][-]{subsubsection.3.1.3.4}{\376\377\0003\000.\0001\000.\0003\000.\0004\000\040\000l\000o\000a\000d\000\137\000d\000a\000t\000a\000\137\000f\000r\000o\000m\000\137\000f\000i\000l\000e\000\050\000\051}{subsection.3.1.3}% 16
\BOOKMARK [2][-]{subsection.3.1.4}{\376\377\0003\000.\0001\000.\0004\000\040\004\024\004\060\004\075\004\075\004\113\004\065\000\040\004\072\004\073\004\060\004\101\004\101\004\060}{section.3.1}% 17
\BOOKMARK [3][-]{subsubsection.3.1.4.1}{\376\377\0003\000.\0001\000.\0004\000.\0001\000\040\000d\000a\000t\000a\000s\000e\000t\000\137}{subsection.3.1.4}% 18
\BOOKMARK [3][-]{subsubsection.3.1.4.2}{\376\377\0003\000.\0001\000.\0004\000.\0002\000\040\000f\000e\000a\000t\000u\000r\000e\000s\000\137}{subsection.3.1.4}% 19
\BOOKMARK [3][-]{subsubsection.3.1.4.3}{\376\377\0003\000.\0001\000.\0004\000.\0003\000\040\000X\000\137}{subsection.3.1.4}% 20
\BOOKMARK [3][-]{subsubsection.3.1.4.4}{\376\377\0003\000.\0001\000.\0004\000.\0004\000\040\000y\000\137}{subsection.3.1.4}% 21
\BOOKMARK [1][-]{section.3.2}{\376\377\0003\000.\0002\000\040\004\032\004\073\004\060\004\101\004\101\000\040\000L\000o\000g\000i\000s\000t\000i\000c\000R\000e\000g\000r\000e\000s\000s\000i\000o\000n}{chapter.3}% 22
\BOOKMARK [2][-]{subsection.3.2.1}{\376\377\0003\000.\0002\000.\0001\000\040\004\037\004\076\004\064\004\100\004\076\004\061\004\075\004\076\004\065\000\040\004\076\004\077\004\070\004\101\004\060\004\075\004\070\004\065}{section.3.2}% 23
\BOOKMARK [2][-]{subsection.3.2.2}{\376\377\0003\000.\0002\000.\0002\000\040\004\032\004\076\004\075\004\101\004\102\004\100\004\103\004\072\004\102\004\076\004\100\000\050\004\113\000\051}{section.3.2}% 24
\BOOKMARK [3][-]{subsubsection.3.2.2.1}{\376\377\0003\000.\0002\000.\0002\000.\0001\000\040\000L\000o\000g\000i\000s\000t\000i\000c\000R\000e\000g\000r\000e\000s\000s\000i\000o\000n\000\050\000\051}{subsection.3.2.2}% 25
\BOOKMARK [2][-]{subsection.3.2.3}{\376\377\0003\000.\0002\000.\0003\000\040\004\034\004\065\004\102\004\076\004\064\004\113}{section.3.2}% 26
\BOOKMARK [3][-]{subsubsection.3.2.3.1}{\376\377\0003\000.\0002\000.\0003\000.\0001\000\040\000f\000i\000t\000\050\000\051}{subsection.3.2.3}% 27
\BOOKMARK [3][-]{subsubsection.3.2.3.2}{\376\377\0003\000.\0002\000.\0003\000.\0002\000\040\000l\000o\000g\000i\000t\000\050\000\051}{subsection.3.2.3}% 28
\BOOKMARK [3][-]{subsubsection.3.2.3.3}{\376\377\0003\000.\0002\000.\0003\000.\0003\000\040\000l\000o\000s\000s\000\050\000\051}{subsection.3.2.3}% 29
\BOOKMARK [3][-]{subsubsection.3.2.3.4}{\376\377\0003\000.\0002\000.\0003\000.\0004\000\040\000m\000o\000d\000e\000l\000\137\000a\000c\000c\000u\000r\000a\000c\000y\000\050\000\051}{subsection.3.2.3}% 30
\BOOKMARK [3][-]{subsubsection.3.2.3.5}{\376\377\0003\000.\0002\000.\0003\000.\0005\000\040\000p\000r\000e\000d\000i\000c\000t\000\050\000\051}{subsection.3.2.3}% 31
\BOOKMARK [3][-]{subsubsection.3.2.3.6}{\376\377\0003\000.\0002\000.\0003\000.\0006\000\040\000p\000r\000e\000d\000i\000c\000t\000\137\000p\000r\000o\000b\000a\000\050\000\051}{subsection.3.2.3}% 32
\BOOKMARK [3][-]{subsubsection.3.2.3.7}{\376\377\0003\000.\0002\000.\0003\000.\0007\000\040\000s\000a\000v\000e\000\137\000w\000e\000i\000g\000h\000t\000s\000\050\000\051}{subsection.3.2.3}% 33
\BOOKMARK [3][-]{subsubsection.3.2.3.8}{\376\377\0003\000.\0002\000.\0003\000.\0008\000\040\000s\000a\000v\000e\000L\000o\000s\000s\000T\000o\000C\000S\000V\000\050\000\051}{subsection.3.2.3}% 34
\BOOKMARK [3][-]{subsubsection.3.2.3.9}{\376\377\0003\000.\0002\000.\0003\000.\0009\000\040\000s\000i\000g\000m\000o\000i\000d\000\050\000\051}{subsection.3.2.3}% 35
\BOOKMARK [2][-]{subsection.3.2.4}{\376\377\0003\000.\0002\000.\0004\000\040\004\024\004\060\004\075\004\075\004\113\004\065\000\040\004\072\004\073\004\060\004\101\004\101\004\060}{section.3.2}% 36
\BOOKMARK [3][-]{subsubsection.3.2.4.1}{\376\377\0003\000.\0002\000.\0004\000.\0001\000\040\000l\000o\000s\000s\000e\000s\000\137}{subsection.3.2.4}% 37
\BOOKMARK [3][-]{subsubsection.3.2.4.2}{\376\377\0003\000.\0002\000.\0004\000.\0002\000\040\000l\000r\000\137}{subsection.3.2.4}% 38
\BOOKMARK [3][-]{subsubsection.3.2.4.3}{\376\377\0003\000.\0002\000.\0004\000.\0003\000\040\000m\000a\000x\000\137\000i\000t\000e\000r\000\137}{subsection.3.2.4}% 39
\BOOKMARK [3][-]{subsubsection.3.2.4.4}{\376\377\0003\000.\0002\000.\0004\000.\0004\000\040\000w\000\137}{subsection.3.2.4}% 40
\BOOKMARK [3][-]{subsubsection.3.2.4.5}{\376\377\0003\000.\0002\000.\0004\000.\0005\000\040\000X\000\137}{subsection.3.2.4}% 41
\BOOKMARK [3][-]{subsubsection.3.2.4.6}{\376\377\0003\000.\0002\000.\0004\000.\0006\000\040\000y\000\137}{subsection.3.2.4}% 42
\BOOKMARK [1][-]{section.3.3}{\376\377\0003\000.\0003\000\040\004\032\004\073\004\060\004\101\004\101\000\040\000P\000l\000o\000t}{chapter.3}% 43
\BOOKMARK [2][-]{subsection.3.3.1}{\376\377\0003\000.\0003\000.\0001\000\040\004\037\004\076\004\064\004\100\004\076\004\061\004\075\004\076\004\065\000\040\004\076\004\077\004\070\004\101\004\060\004\075\004\070\004\065}{section.3.3}% 44
\BOOKMARK [2][-]{subsection.3.3.2}{\376\377\0003\000.\0003\000.\0002\000\040\004\032\004\076\004\075\004\101\004\102\004\100\004\103\004\072\004\102\004\076\004\100\000\050\004\113\000\051}{section.3.3}% 45
\BOOKMARK [3][-]{subsubsection.3.3.2.1}{\376\377\0003\000.\0003\000.\0002\000.\0001\000\040\000P\000l\000o\000t\000\050\000\051}{subsection.3.3.2}% 46
\BOOKMARK [2][-]{subsection.3.3.3}{\376\377\0003\000.\0003\000.\0003\000\040\004\034\004\065\004\102\004\076\004\064\004\113}{section.3.3}% 47
\BOOKMARK [3][-]{subsubsection.3.3.3.1}{\376\377\0003\000.\0003\000.\0003\000.\0001\000\040\000C\000r\000e\000a\000t\000e\000L\000a\000t\000e\000x\000F\000i\000l\000e\000\050\000\051}{subsection.3.3.3}% 48
\BOOKMARK [0][-]{chapter.4}{\376\377\0004\000\040\004\044\004\060\004\071\004\073\004\113}{}% 49
\BOOKMARK [1][-]{section.4.1}{\376\377\0004\000.\0001\000\040\000d\000i\000a\000b\000e\000t\000e\000s\000\137\000d\000a\000t\000a\000.\000h\000p\000p}{chapter.4}% 50
\BOOKMARK [1][-]{section.4.2}{\376\377\0004\000.\0002\000\040\000p\000l\000o\000t\000.\000h\000p\000p}{chapter.4}% 51
\BOOKMARK [1][-]{section.4.3}{\376\377\0004\000.\0003\000\040\000r\000e\000g\000r\000e\000s\000s\000i\000o\000n\000.\000h\000p\000p}{chapter.4}% 52
\BOOKMARK [1][-]{section.4.4}{\376\377\0004\000.\0004\000\040\004\044\004\060\004\071\004\073\000\040\000p\000r\000j\000.\000t\000e\000s\000t\000/\000l\000i\000b\000t\000e\000s\000t\000.\000c\000p\000p}{chapter.4}% 53
\BOOKMARK [2][-]{subsection.4.4.1}{\376\377\0004\000.\0004\000.\0001\000\040\004\037\004\076\004\064\004\100\004\076\004\061\004\075\004\076\004\065\000\040\004\076\004\077\004\070\004\101\004\060\004\075\004\070\004\065}{section.4.4}% 54
\BOOKMARK [2][-]{subsection.4.4.2}{\376\377\0004\000.\0004\000.\0002\000\040\004\044\004\103\004\075\004\072\004\106\004\070\004\070}{section.4.4}% 55
\BOOKMARK [3][-]{subsubsection.4.4.2.1}{\376\377\0004\000.\0004\000.\0002\000.\0001\000\040\000m\000a\000i\000n\000\050\000\051}{subsection.4.4.2}% 56
\BOOKMARK [0][-]{section*.10}{\376\377\004\037\004\100\004\065\004\064\004\074\004\065\004\102\004\075\004\113\004\071\000\040\004\103\004\072\004\060\004\067\004\060\004\102\004\065\004\073\004\114}{}% 57
